This file contains any messages produced by compilers while
running configure, to aid debugging if configure makes a mistake.

It was created by configure, which was
generated by GNU Autoconf 2.68.  Invocation command line was

  $ /media/disk/Linux/makepkg/songbird/configure 

## --------- ##
## Platform. ##
## --------- ##

hostname = mattop
uname -m = x86_64
uname -r = 2.6.39.4-zen-bfs-00001-gb0493f4
uname -s = Linux
uname -v = #1 ZEN SMP PREEMPT Sun Sep 11 02:28:42 CDT 2011

/usr/bin/uname -p = unknown
/bin/uname -X     = unknown

/bin/arch              = x86_64
/usr/bin/arch -k       = unknown
/usr/convex/getsysinfo = unknown
/usr/bin/hostinfo      = unknown
/bin/machine           = unknown
/usr/bin/oslevel       = unknown
/bin/universe          = unknown

PATH: /home/matt/perl5/bin
PATH: /home/matt/perl5/bin
PATH: /usr/local/bin
PATH: /usr/bin
PATH: /bin
PATH: /usr/local/sbin
PATH: /usr/sbin
PATH: /sbin
PATH: /opt/android-sdk/platform-tools
PATH: /opt/android-sdk/tools
PATH: /usr/bin/site_perl
PATH: /usr/bin/vendor_perl
PATH: /usr/bin/core_perl
PATH: /opt/qt/bin
PATH: /usr/local/arm-elf/bin
PATH: /usr/local/m68k-elf/bin
PATH: /usr/local/sh-elf/bin
PATH: /usr/lib/ccache/bin
PATH: /usr/local/arm-elf/bin
PATH: /usr/local/m68k-elf/bin
PATH: /usr/local/sh-elf/bin
PATH: /usr/lib/ccache/bin


## ----------- ##
## Core tests. ##
## ----------- ##

configure:2406: checking build system type
configure:2420: result: x86_64-unknown-linux-gnu
configure:2440: checking host system type
configure:2453: result: x86_64-unknown-linux-gnu
configure:2473: checking target system type
configure:2486: result: x86_64-unknown-linux-gnu
configure:5128: checking for gcc
configure:5155: result: gcc
configure:5384: checking for C compiler version
configure:5393: gcc --version >&5
gcc (GCC) 4.6.1 20110819 (prerelease)
Copyright (C) 2011 Free Software Foundation, Inc.
This is free software; see the source for copying conditions.  There is NO
warranty; not even for MERCHANTABILITY or FITNESS FOR A PARTICULAR PURPOSE.

configure:5404: $? = 0
configure:5393: gcc -v >&5
Using built-in specs.
COLLECT_GCC=gcc
COLLECT_LTO_WRAPPER=/usr/lib/gcc/x86_64-unknown-linux-gnu/4.6.1/lto-wrapper
Target: x86_64-unknown-linux-gnu
Configured with: /build/src/gcc-4.6-20110819/configure --prefix=/usr --libdir=/usr/lib --libexecdir=/usr/lib --mandir=/usr/share/man --infodir=/usr/share/info --with-bugurl=https://bugs.archlinux.org/ --enable-languages=c,c++,ada,fortran,go,lto,objc,obj-c++ --enable-shared --enable-threads=posix --with-system-zlib --enable-__cxa_atexit --disable-libunwind-exceptions --enable-clocale=gnu --enable-gnu-unique-object --enable-linker-build-id --with-ppl --enable-cloog-backend=isl --enable-lto --enable-gold --enable-ld=default --enable-plugin --with-plugin-ld=ld.gold --enable-multilib --disable-libssp --disable-libstdcxx-pch --enable-checking=release
Thread model: posix
gcc version 4.6.1 20110819 (prerelease) (GCC) 
configure:5404: $? = 0
configure:5393: gcc -V >&5
gcc: error: unrecognized option '-V'
gcc: fatal error: no input files
compilation terminated.
configure:5404: $? = 1
configure:5393: gcc -qversion >&5
gcc: error: unrecognized option '-qversion'
gcc: fatal error: no input files
compilation terminated.
configure:5404: $? = 1
configure:5408: checking whether we are using the GNU C compiler
configure:5427: gcc -c   conftest.c >&5
configure:5427: $? = 0
configure: failed program was:
| /* confdefs.h */
| #define PACKAGE_NAME ""
| #define PACKAGE_TARNAME ""
| #define PACKAGE_VERSION ""
| #define PACKAGE_STRING ""
| #define PACKAGE_BUGREPORT ""
| #define PACKAGE_URL ""
| #define NDEBUG 1
| /* end confdefs.h.  */
| 
| int
| main ()
| {
| #ifndef __GNUC__
|        choke me
| #endif
| 
|   ;
|   return 0;
| }
configure:5436: result: no
configure:5445: checking whether gcc accepts -g
configure:5465: gcc -c -g  conftest.c >&5
configure:5465: $? = 0
configure: failed program was:
| /* confdefs.h */
| #define PACKAGE_NAME ""
| #define PACKAGE_TARNAME ""
| #define PACKAGE_VERSION ""
| #define PACKAGE_STRING ""
| #define PACKAGE_BUGREPORT ""
| #define PACKAGE_URL ""
| #define NDEBUG 1
| /* end confdefs.h.  */
| 
| int
| main ()
| {
| 
|   ;
|   return 0;
| }
configure:5480: gcc -c   conftest.c >&5
configure:5480: $? = 0
configure: failed program was:
| /* confdefs.h */
| #define PACKAGE_NAME ""
| #define PACKAGE_TARNAME ""
| #define PACKAGE_VERSION ""
| #define PACKAGE_STRING ""
| #define PACKAGE_BUGREPORT ""
| #define PACKAGE_URL ""
| #define NDEBUG 1
| /* end confdefs.h.  */
| 
| int
| main ()
| {
| 
|   ;
|   return 0;
| }
configure:5496: gcc -c -g  conftest.c >&5
configure:5496: $? = 0
configure: failed program was:
| /* confdefs.h */
| #define PACKAGE_NAME ""
| #define PACKAGE_TARNAME ""
| #define PACKAGE_VERSION ""
| #define PACKAGE_STRING ""
| #define PACKAGE_BUGREPORT ""
| #define PACKAGE_URL ""
| #define NDEBUG 1
| /* end confdefs.h.  */
| 
| int
| main ()
| {
| 
|   ;
|   return 0;
| }
configure:5506: result: no
configure:5523: checking for gcc option to accept ISO C89
configure:5587: gcc  -c   conftest.c >&5
configure:5587: $? = 0
configure: failed program was:
| /* confdefs.h */
| #define PACKAGE_NAME ""
| #define PACKAGE_TARNAME ""
| #define PACKAGE_VERSION ""
| #define PACKAGE_STRING ""
| #define PACKAGE_BUGREPORT ""
| #define PACKAGE_URL ""
| #define NDEBUG 1
| /* end confdefs.h.  */
| #include <stdarg.h>
| #include <stdio.h>
| #include <sys/types.h>
| #include <sys/stat.h>
| /* Most of the following tests are stolen from RCS 5.7's src/conf.sh.  */
| struct buf { int x; };
| FILE * (*rcsopen) (struct buf *, struct stat *, int);
| static char *e (p, i)
|      char **p;
|      int i;
| {
|   return p[i];
| }
| static char *f (char * (*g) (char **, int), char **p, ...)
| {
|   char *s;
|   va_list v;
|   va_start (v,p);
|   s = g (p, va_arg (v,int));
|   va_end (v);
|   return s;
| }
| 
| /* OSF 4.0 Compaq cc is some sort of almost-ANSI by default.  It has
|    function prototypes and stuff, but not '\xHH' hex character constants.
|    These don't provoke an error unfortunately, instead are silently treated
|    as 'x'.  The following induces an error, until -std is added to get
|    proper ANSI mode.  Curiously '\x00'!='x' always comes out true, for an
|    array size at least.  It's necessary to write '\x00'==0 to get something
|    that's true only with -std.  */
| int osf4_cc_array ['\x00' == 0 ? 1 : -1];
| 
| /* IBM C 6 for AIX is almost-ANSI by default, but it replaces macro parameters
|    inside strings and character constants.  */
| #define FOO(x) 'x'
| int xlc6_cc_array[FOO(a) == 'x' ? 1 : -1];
| 
| int test (int i, double x);
| struct s1 {int (*f) (int a);};
| struct s2 {int (*f) (double a);};
| int pairnames (int, char **, FILE *(*)(struct buf *, struct stat *, int), int, int);
| int argc;
| char **argv;
| int
| main ()
| {
| return f (e, argv, 0) != argv[0]  ||  f (e, argv, 1) != argv[1];
|   ;
|   return 0;
| }
configure:5587: gcc -qlanglvl=extc89 -c   conftest.c >&5
gcc: error: unrecognized option '-qlanglvl=extc89'
configure:5587: $? = 1
configure: failed program was:
| /* confdefs.h */
| #define PACKAGE_NAME ""
| #define PACKAGE_TARNAME ""
| #define PACKAGE_VERSION ""
| #define PACKAGE_STRING ""
| #define PACKAGE_BUGREPORT ""
| #define PACKAGE_URL ""
| #define NDEBUG 1
| /* end confdefs.h.  */
| #include <stdarg.h>
| #include <stdio.h>
| #include <sys/types.h>
| #include <sys/stat.h>
| /* Most of the following tests are stolen from RCS 5.7's src/conf.sh.  */
| struct buf { int x; };
| FILE * (*rcsopen) (struct buf *, struct stat *, int);
| static char *e (p, i)
|      char **p;
|      int i;
| {
|   return p[i];
| }
| static char *f (char * (*g) (char **, int), char **p, ...)
| {
|   char *s;
|   va_list v;
|   va_start (v,p);
|   s = g (p, va_arg (v,int));
|   va_end (v);
|   return s;
| }
| 
| /* OSF 4.0 Compaq cc is some sort of almost-ANSI by default.  It has
|    function prototypes and stuff, but not '\xHH' hex character constants.
|    These don't provoke an error unfortunately, instead are silently treated
|    as 'x'.  The following induces an error, until -std is added to get
|    proper ANSI mode.  Curiously '\x00'!='x' always comes out true, for an
|    array size at least.  It's necessary to write '\x00'==0 to get something
|    that's true only with -std.  */
| int osf4_cc_array ['\x00' == 0 ? 1 : -1];
| 
| /* IBM C 6 for AIX is almost-ANSI by default, but it replaces macro parameters
|    inside strings and character constants.  */
| #define FOO(x) 'x'
| int xlc6_cc_array[FOO(a) == 'x' ? 1 : -1];
| 
| int test (int i, double x);
| struct s1 {int (*f) (int a);};
| struct s2 {int (*f) (double a);};
| int pairnames (int, char **, FILE *(*)(struct buf *, struct stat *, int), int, int);
| int argc;
| char **argv;
| int
| main ()
| {
| return f (e, argv, 0) != argv[0]  ||  f (e, argv, 1) != argv[1];
|   ;
|   return 0;
| }
configure:5587: gcc -qlanglvl=ansi -c   conftest.c >&5
gcc: error: unrecognized option '-qlanglvl=ansi'
configure:5587: $? = 1
configure: failed program was:
| /* confdefs.h */
| #define PACKAGE_NAME ""
| #define PACKAGE_TARNAME ""
| #define PACKAGE_VERSION ""
| #define PACKAGE_STRING ""
| #define PACKAGE_BUGREPORT ""
| #define PACKAGE_URL ""
| #define NDEBUG 1
| /* end confdefs.h.  */
| #include <stdarg.h>
| #include <stdio.h>
| #include <sys/types.h>
| #include <sys/stat.h>
| /* Most of the following tests are stolen from RCS 5.7's src/conf.sh.  */
| struct buf { int x; };
| FILE * (*rcsopen) (struct buf *, struct stat *, int);
| static char *e (p, i)
|      char **p;
|      int i;
| {
|   return p[i];
| }
| static char *f (char * (*g) (char **, int), char **p, ...)
| {
|   char *s;
|   va_list v;
|   va_start (v,p);
|   s = g (p, va_arg (v,int));
|   va_end (v);
|   return s;
| }
| 
| /* OSF 4.0 Compaq cc is some sort of almost-ANSI by default.  It has
|    function prototypes and stuff, but not '\xHH' hex character constants.
|    These don't provoke an error unfortunately, instead are silently treated
|    as 'x'.  The following induces an error, until -std is added to get
|    proper ANSI mode.  Curiously '\x00'!='x' always comes out true, for an
|    array size at least.  It's necessary to write '\x00'==0 to get something
|    that's true only with -std.  */
| int osf4_cc_array ['\x00' == 0 ? 1 : -1];
| 
| /* IBM C 6 for AIX is almost-ANSI by default, but it replaces macro parameters
|    inside strings and character constants.  */
| #define FOO(x) 'x'
| int xlc6_cc_array[FOO(a) == 'x' ? 1 : -1];
| 
| int test (int i, double x);
| struct s1 {int (*f) (int a);};
| struct s2 {int (*f) (double a);};
| int pairnames (int, char **, FILE *(*)(struct buf *, struct stat *, int), int, int);
| int argc;
| char **argv;
| int
| main ()
| {
| return f (e, argv, 0) != argv[0]  ||  f (e, argv, 1) != argv[1];
|   ;
|   return 0;
| }
configure:5587: gcc -std -c   conftest.c >&5
cc1: error: unrecognized command line option '-std'
configure:5587: $? = 1
configure: failed program was:
| /* confdefs.h */
| #define PACKAGE_NAME ""
| #define PACKAGE_TARNAME ""
| #define PACKAGE_VERSION ""
| #define PACKAGE_STRING ""
| #define PACKAGE_BUGREPORT ""
| #define PACKAGE_URL ""
| #define NDEBUG 1
| /* end confdefs.h.  */
| #include <stdarg.h>
| #include <stdio.h>
| #include <sys/types.h>
| #include <sys/stat.h>
| /* Most of the following tests are stolen from RCS 5.7's src/conf.sh.  */
| struct buf { int x; };
| FILE * (*rcsopen) (struct buf *, struct stat *, int);
| static char *e (p, i)
|      char **p;
|      int i;
| {
|   return p[i];
| }
| static char *f (char * (*g) (char **, int), char **p, ...)
| {
|   char *s;
|   va_list v;
|   va_start (v,p);
|   s = g (p, va_arg (v,int));
|   va_end (v);
|   return s;
| }
| 
| /* OSF 4.0 Compaq cc is some sort of almost-ANSI by default.  It has
|    function prototypes and stuff, but not '\xHH' hex character constants.
|    These don't provoke an error unfortunately, instead are silently treated
|    as 'x'.  The following induces an error, until -std is added to get
|    proper ANSI mode.  Curiously '\x00'!='x' always comes out true, for an
|    array size at least.  It's necessary to write '\x00'==0 to get something
|    that's true only with -std.  */
| int osf4_cc_array ['\x00' == 0 ? 1 : -1];
| 
| /* IBM C 6 for AIX is almost-ANSI by default, but it replaces macro parameters
|    inside strings and character constants.  */
| #define FOO(x) 'x'
| int xlc6_cc_array[FOO(a) == 'x' ? 1 : -1];
| 
| int test (int i, double x);
| struct s1 {int (*f) (int a);};
| struct s2 {int (*f) (double a);};
| int pairnames (int, char **, FILE *(*)(struct buf *, struct stat *, int), int, int);
| int argc;
| char **argv;
| int
| main ()
| {
| return f (e, argv, 0) != argv[0]  ||  f (e, argv, 1) != argv[1];
|   ;
|   return 0;
| }
configure:5587: gcc -Ae -c   conftest.c >&5
<command-line>:0:1: error: missing '(' after predicate
configure:5587: $? = 1
configure: failed program was:
| /* confdefs.h */
| #define PACKAGE_NAME ""
| #define PACKAGE_TARNAME ""
| #define PACKAGE_VERSION ""
| #define PACKAGE_STRING ""
| #define PACKAGE_BUGREPORT ""
| #define PACKAGE_URL ""
| #define NDEBUG 1
| /* end confdefs.h.  */
| #include <stdarg.h>
| #include <stdio.h>
| #include <sys/types.h>
| #include <sys/stat.h>
| /* Most of the following tests are stolen from RCS 5.7's src/conf.sh.  */
| struct buf { int x; };
| FILE * (*rcsopen) (struct buf *, struct stat *, int);
| static char *e (p, i)
|      char **p;
|      int i;
| {
|   return p[i];
| }
| static char *f (char * (*g) (char **, int), char **p, ...)
| {
|   char *s;
|   va_list v;
|   va_start (v,p);
|   s = g (p, va_arg (v,int));
|   va_end (v);
|   return s;
| }
| 
| /* OSF 4.0 Compaq cc is some sort of almost-ANSI by default.  It has
|    function prototypes and stuff, but not '\xHH' hex character constants.
|    These don't provoke an error unfortunately, instead are silently treated
|    as 'x'.  The following induces an error, until -std is added to get
|    proper ANSI mode.  Curiously '\x00'!='x' always comes out true, for an
|    array size at least.  It's necessary to write '\x00'==0 to get something
|    that's true only with -std.  */
| int osf4_cc_array ['\x00' == 0 ? 1 : -1];
| 
| /* IBM C 6 for AIX is almost-ANSI by default, but it replaces macro parameters
|    inside strings and character constants.  */
| #define FOO(x) 'x'
| int xlc6_cc_array[FOO(a) == 'x' ? 1 : -1];
| 
| int test (int i, double x);
| struct s1 {int (*f) (int a);};
| struct s2 {int (*f) (double a);};
| int pairnames (int, char **, FILE *(*)(struct buf *, struct stat *, int), int, int);
| int argc;
| char **argv;
| int
| main ()
| {
| return f (e, argv, 0) != argv[0]  ||  f (e, argv, 1) != argv[1];
|   ;
|   return 0;
| }
configure:5587: gcc -Aa -D_HPUX_SOURCE -c   conftest.c >&5
<command-line>:0:1: error: missing '(' after predicate
configure:5587: $? = 1
configure: failed program was:
| /* confdefs.h */
| #define PACKAGE_NAME ""
| #define PACKAGE_TARNAME ""
| #define PACKAGE_VERSION ""
| #define PACKAGE_STRING ""
| #define PACKAGE_BUGREPORT ""
| #define PACKAGE_URL ""
| #define NDEBUG 1
| /* end confdefs.h.  */
| #include <stdarg.h>
| #include <stdio.h>
| #include <sys/types.h>
| #include <sys/stat.h>
| /* Most of the following tests are stolen from RCS 5.7's src/conf.sh.  */
| struct buf { int x; };
| FILE * (*rcsopen) (struct buf *, struct stat *, int);
| static char *e (p, i)
|      char **p;
|      int i;
| {
|   return p[i];
| }
| static char *f (char * (*g) (char **, int), char **p, ...)
| {
|   char *s;
|   va_list v;
|   va_start (v,p);
|   s = g (p, va_arg (v,int));
|   va_end (v);
|   return s;
| }
| 
| /* OSF 4.0 Compaq cc is some sort of almost-ANSI by default.  It has
|    function prototypes and stuff, but not '\xHH' hex character constants.
|    These don't provoke an error unfortunately, instead are silently treated
|    as 'x'.  The following induces an error, until -std is added to get
|    proper ANSI mode.  Curiously '\x00'!='x' always comes out true, for an
|    array size at least.  It's necessary to write '\x00'==0 to get something
|    that's true only with -std.  */
| int osf4_cc_array ['\x00' == 0 ? 1 : -1];
| 
| /* IBM C 6 for AIX is almost-ANSI by default, but it replaces macro parameters
|    inside strings and character constants.  */
| #define FOO(x) 'x'
| int xlc6_cc_array[FOO(a) == 'x' ? 1 : -1];
| 
| int test (int i, double x);
| struct s1 {int (*f) (int a);};
| struct s2 {int (*f) (double a);};
| int pairnames (int, char **, FILE *(*)(struct buf *, struct stat *, int), int, int);
| int argc;
| char **argv;
| int
| main ()
| {
| return f (e, argv, 0) != argv[0]  ||  f (e, argv, 1) != argv[1];
|   ;
|   return 0;
| }
configure:5587: gcc -Xc -D__EXTENSIONS__ -c   conftest.c >&5
gcc: error: unrecognized option '-Xc'
configure:5587: $? = 1
configure: failed program was:
| /* confdefs.h */
| #define PACKAGE_NAME ""
| #define PACKAGE_TARNAME ""
| #define PACKAGE_VERSION ""
| #define PACKAGE_STRING ""
| #define PACKAGE_BUGREPORT ""
| #define PACKAGE_URL ""
| #define NDEBUG 1
| /* end confdefs.h.  */
| #include <stdarg.h>
| #include <stdio.h>
| #include <sys/types.h>
| #include <sys/stat.h>
| /* Most of the following tests are stolen from RCS 5.7's src/conf.sh.  */
| struct buf { int x; };
| FILE * (*rcsopen) (struct buf *, struct stat *, int);
| static char *e (p, i)
|      char **p;
|      int i;
| {
|   return p[i];
| }
| static char *f (char * (*g) (char **, int), char **p, ...)
| {
|   char *s;
|   va_list v;
|   va_start (v,p);
|   s = g (p, va_arg (v,int));
|   va_end (v);
|   return s;
| }
| 
| /* OSF 4.0 Compaq cc is some sort of almost-ANSI by default.  It has
|    function prototypes and stuff, but not '\xHH' hex character constants.
|    These don't provoke an error unfortunately, instead are silently treated
|    as 'x'.  The following induces an error, until -std is added to get
|    proper ANSI mode.  Curiously '\x00'!='x' always comes out true, for an
|    array size at least.  It's necessary to write '\x00'==0 to get something
|    that's true only with -std.  */
| int osf4_cc_array ['\x00' == 0 ? 1 : -1];
| 
| /* IBM C 6 for AIX is almost-ANSI by default, but it replaces macro parameters
|    inside strings and character constants.  */
| #define FOO(x) 'x'
| int xlc6_cc_array[FOO(a) == 'x' ? 1 : -1];
| 
| int test (int i, double x);
| struct s1 {int (*f) (int a);};
| struct s2 {int (*f) (double a);};
| int pairnames (int, char **, FILE *(*)(struct buf *, struct stat *, int), int, int);
| int argc;
| char **argv;
| int
| main ()
| {
| return f (e, argv, 0) != argv[0]  ||  f (e, argv, 1) != argv[1];
|   ;
|   return 0;
| }
configure:5603: result: unsupported
configure:5678: checking for g++
configure:5694: found /usr/bin/g++
configure:5705: result: g++
configure:5732: checking for C++ compiler version
configure:5741: g++ --version >&5
g++ (GCC) 4.6.1 20110819 (prerelease)
Copyright (C) 2011 Free Software Foundation, Inc.
This is free software; see the source for copying conditions.  There is NO
warranty; not even for MERCHANTABILITY or FITNESS FOR A PARTICULAR PURPOSE.

configure:5752: $? = 0
configure:5741: g++ -v >&5
Using built-in specs.
COLLECT_GCC=g++
COLLECT_LTO_WRAPPER=/usr/lib/gcc/x86_64-unknown-linux-gnu/4.6.1/lto-wrapper
Target: x86_64-unknown-linux-gnu
Configured with: /build/src/gcc-4.6-20110819/configure --prefix=/usr --libdir=/usr/lib --libexecdir=/usr/lib --mandir=/usr/share/man --infodir=/usr/share/info --with-bugurl=https://bugs.archlinux.org/ --enable-languages=c,c++,ada,fortran,go,lto,objc,obj-c++ --enable-shared --enable-threads=posix --with-system-zlib --enable-__cxa_atexit --disable-libunwind-exceptions --enable-clocale=gnu --enable-gnu-unique-object --enable-linker-build-id --with-ppl --enable-cloog-backend=isl --enable-lto --enable-gold --enable-ld=default --enable-plugin --with-plugin-ld=ld.gold --enable-multilib --disable-libssp --disable-libstdcxx-pch --enable-checking=release
Thread model: posix
gcc version 4.6.1 20110819 (prerelease) (GCC) 
configure:5752: $? = 0
configure:5741: g++ -V >&5
g++: error: unrecognized option '-V'
g++: fatal error: no input files
compilation terminated.
configure:5752: $? = 1
configure:5741: g++ -qversion >&5
g++: error: unrecognized option '-qversion'
g++: fatal error: no input files
compilation terminated.
configure:5752: $? = 1
configure:5756: checking whether we are using the GNU C++ compiler
configure:5775: g++ -c   conftest.cpp >&5
configure:5775: $? = 0
configure: failed program was:
| /* confdefs.h */
| #define PACKAGE_NAME ""
| #define PACKAGE_TARNAME ""
| #define PACKAGE_VERSION ""
| #define PACKAGE_STRING ""
| #define PACKAGE_BUGREPORT ""
| #define PACKAGE_URL ""
| #define NDEBUG 1
| /* end confdefs.h.  */
| 
| int
| main ()
| {
| #ifndef __GNUC__
|        choke me
| #endif
| 
|   ;
|   return 0;
| }
configure:5784: result: no
configure:5793: checking whether g++ accepts -g
configure:5813: g++ -c -g  conftest.cpp >&5
configure:5813: $? = 0
configure: failed program was:
| /* confdefs.h */
| #define PACKAGE_NAME ""
| #define PACKAGE_TARNAME ""
| #define PACKAGE_VERSION ""
| #define PACKAGE_STRING ""
| #define PACKAGE_BUGREPORT ""
| #define PACKAGE_URL ""
| #define NDEBUG 1
| /* end confdefs.h.  */
| 
| int
| main ()
| {
| 
|   ;
|   return 0;
| }
configure:5828: g++ -c   conftest.cpp >&5
configure:5828: $? = 0
configure: failed program was:
| /* confdefs.h */
| #define PACKAGE_NAME ""
| #define PACKAGE_TARNAME ""
| #define PACKAGE_VERSION ""
| #define PACKAGE_STRING ""
| #define PACKAGE_BUGREPORT ""
| #define PACKAGE_URL ""
| #define NDEBUG 1
| /* end confdefs.h.  */
| 
| int
| main ()
| {
| 
|   ;
|   return 0;
| }
configure:5844: g++ -c -g  conftest.cpp >&5
configure:5844: $? = 0
configure: failed program was:
| /* confdefs.h */
| #define PACKAGE_NAME ""
| #define PACKAGE_TARNAME ""
| #define PACKAGE_VERSION ""
| #define PACKAGE_STRING ""
| #define PACKAGE_BUGREPORT ""
| #define PACKAGE_URL ""
| #define NDEBUG 1
| /* end confdefs.h.  */
| 
| int
| main ()
| {
| 
|   ;
|   return 0;
| }
configure:5854: result: no
configure:5890: checking for gawk
configure:5906: found /usr/bin/gawk
configure:5917: result: gawk
configure:5932: checking for chmod
configure:5948: found /bin/chmod
configure:5959: result: chmod
configure:5973: checking for gnucp
configure:6003: result: no
configure:5973: checking for gcp
configure:6003: result: no
configure:5973: checking for cp
configure:5989: found /bin/cp
configure:6000: result: cp
configure:6017: checking for gdiff
configure:6047: result: no
configure:6017: checking for diff
configure:6033: found /usr/bin/diff
configure:6044: result: diff
configure:6061: checking for doxygen
configure:6091: result: no
configure:6105: checking for ggrep
configure:6135: result: no
configure:6105: checking for grep
configure:6121: found /bin/grep
configure:6132: result: grep
configure:6146: checking for gzip
configure:6162: found /bin/gzip
configure:6173: result: gzip
configure:6184: checking for gunzip
configure:6200: found /bin/gunzip
configure:6211: result: gunzip
configure:6222: checking for find
configure:6238: found /usr/bin/find
configure:6249: result: find
configure:6263: checking for install
configure:6279: found /bin/install
configure:6290: result: install
configure:6305: checking for ln
configure:6321: found /bin/ln
configure:6332: result: ln
configure:6346: checking for packagemaker
configure:6379: result: no
configure:6393: checking for gmd5sum
configure:6423: result: no
configure:6393: checking for md5sum
configure:6409: found /usr/bin/md5sum
configure:6420: result: md5sum
configure:6435: checking for mkdir
configure:6451: found /bin/mkdir
configure:6462: result: mkdir
configure:6474: checking for mv
configure:6490: found /bin/mv
configure:6501: result: mv
configure:6513: checking for perl
configure:6529: found /usr/bin/perl
configure:6540: result: perl
configure:6552: checking for python
configure:6579: result: python2
configure:6591: checking for rm
configure:6607: found /bin/rm
configure:6618: result: rm
configure:6632: checking for gsed
configure:6662: result: no
configure:6632: checking for sed
configure:6648: found /bin/sed
configure:6659: result: sed
configure:6676: checking for gsha1sum
configure:6706: result: no
configure:6676: checking for sha1sum
configure:6692: found /usr/bin/sha1sum
configure:6703: result: sha1sum
configure:6720: checking for sort
configure:6736: found /usr/bin/sort
configure:6747: result: sort
configure:6764: checking for gtar
configure:6794: result: no
configure:6764: checking for tar
configure:6780: found /bin/tar
configure:6791: result: tar
configure:6807: checking for touch
configure:6823: found /bin/touch
configure:6834: result: touch
configure:6849: checking for unzip
configure:6865: found /usr/bin/unzip
configure:6876: result: unzip
configure:6888: checking for zip
configure:6904: found /usr/bin/zip
configure:6915: result: zip
configure:7786: checking for g++
configure:7802: found /usr/bin/g++
configure:7813: result: g++
configure:7824: checking for ar
configure:7840: found /usr/bin/ar
configure:7851: result: ar
configure:7862: checking for ranlib
configure:7878: found /usr/bin/ranlib
configure:7889: result: ranlib
configure:7905: checking for strip
configure:7921: found /usr/bin/strip
configure:7932: result: strip
configure:8241: checking for library containing pthread_create
configure:8272: gcc -o conftest    conftest.c  >&5
/tmp/cc58IClX.o: In function `main':
conftest.c:(.text+0xa): undefined reference to `pthread_create'
collect2: ld returned 1 exit status
configure:8272: $? = 1
configure: failed program was:
| /* confdefs.h */
| #define PACKAGE_NAME ""
| #define PACKAGE_TARNAME ""
| #define PACKAGE_VERSION ""
| #define PACKAGE_STRING ""
| #define PACKAGE_BUGREPORT ""
| #define PACKAGE_URL ""
| #define NDEBUG 1
| #define XP_UNIX 1
| #define _REENTRANT 1
| /* end confdefs.h.  */
| 
| /* Override any GCC internal prototype to avoid an error.
|    Use char because int might match the return type of a GCC
|    builtin and then its argument prototype would still apply.  */
| #ifdef __cplusplus
| extern "C"
| #endif
| char pthread_create ();
| int
| main ()
| {
| return pthread_create ();
|   ;
|   return 0;
| }
configure:8272: gcc -o conftest    conftest.c -lpthread   >&5
configure:8272: $? = 0
configure:8289: result: -lpthread
configure:8307: checking for pkg-config
configure:8325: found /usr/bin/pkg-config
configure:8338: result: /usr/bin/pkg-config
configure:8356: checking for nspr
configure:8360: result: yes
configure:8364: checking NSPR_CFLAGS
configure:8367: result: -I/usr/include/nspr  
configure:8370: checking NSPR_LIBS
configure:8375: result:   -lplds4 -lplc4 -lnspr4 -lpthread -ldl  
configure:8458: checking for gtk+-2.0
configure:8462: result: yes
configure:8466: checking GTK_CFLAGS
configure:8469: result: -pthread -I/usr/include/gtk-2.0 -I/usr/lib/gtk-2.0/include -I/usr/include/atk-1.0 -I/usr/include/cairo -I/usr/include/gdk-pixbuf-2.0 -I/usr/include/pango-1.0 -I/usr/include/glib-2.0 -I/usr/lib/glib-2.0/include -I/usr/include/pixman-1 -I/usr/include/freetype2 -I/usr/include/libpng14  
configure:8472: checking GTK_LIBS
configure:8477: result:   -lgtk-x11-2.0 -lgdk-x11-2.0 -latk-1.0 -lgio-2.0 -lpangoft2-1.0 -lpangocairo-1.0 -lgdk_pixbuf-2.0 -lcairo -lpango-1.0 -lfreetype -lfontconfig -lgobject-2.0 -lgmodule-2.0 -lgthread-2.0 -lrt -lglib-2.0  
configure:8560: checking for glib-2.0
configure:8564: result: yes
configure:8568: checking GLIB_CFLAGS
configure:8571: result: -I/usr/include/glib-2.0 -I/usr/lib/glib-2.0/include  
configure:8574: checking GLIB_LIBS
configure:8579: result:   -lglib-2.0  
configure:8664: checking for dbus-glib-1
configure:8668: result: yes
configure:8672: checking DBUS_CFLAGS
configure:8675: result: -pthread -I/usr/include/dbus-1.0 -I/usr/lib/dbus-1.0/include -I/usr/include/glib-2.0 -I/usr/lib/glib-2.0/include  
configure:8678: checking DBUS_LIBS
configure:8683: result:   -ldbus-glib-1 -ldbus-1 -lpthread -lgobject-2.0 -lgthread-2.0 -lrt -lglib-2.0  
configure:9635: checking for taglib >= 1.5
configure:9639: result: yes
configure:9643: checking TAGLIB_CFLAGS
configure:9646: result: -I/usr/include/taglib  
configure:9649: checking TAGLIB_LIBS
configure:9654: result:   -ltag  
configure:9710: checking for /media/disk/Linux/makepkg/songbird/dependencies/linux-x86_64/private/fluendo-mp3/libgstflump3dec.so
configure:9724: result: no
configure:9729: WARNING: Linux MP3 decoder not present so build will not play mp3.
configure:9741: checking for PR_Cleanup in -lnspr4
configure:9766: gcc -o conftest  -c -fPIC -fshort-wchar -fexceptions -fnon-call-exceptions -funwind-tables -fasynchronous-unwind-tables -fno-rtti -fno-strict-aliasing -Wall -Wno-conversion -Wno-attributes -Wpointer-arith -Wcast-align -Wno-long-long -pipe -pthread -gstabs+ -Os -include "mozilla-config.h"   -Wl,-z,defs -Wl,-rpath-link,$(topsrcdir)/compiled/dist/xulrunner conftest.c -lnspr4   >&5
cc1: warning: command line option '-fno-rtti' is valid for C++/ObjC++ but not for C [enabled by default]
cc1: fatal error: "mozilla-config.h": No such file or directory
compilation terminated.
configure:9766: $? = 1
configure: failed program was:
| /* confdefs.h */
| #define PACKAGE_NAME ""
| #define PACKAGE_TARNAME ""
| #define PACKAGE_VERSION ""
| #define PACKAGE_STRING ""
| #define PACKAGE_BUGREPORT ""
| #define PACKAGE_URL ""
| #define NDEBUG 1
| #define XP_UNIX 1
| #define _REENTRANT 1
| /* end confdefs.h.  */
| 
| /* Override any GCC internal prototype to avoid an error.
|    Use char because int might match the return type of a GCC
|    builtin and then its argument prototype would still apply.  */
| #ifdef __cplusplus
| extern "C"
| #endif
| char PR_Cleanup ();
| int
| main ()
| {
| return PR_Cleanup ();
|   ;
|   return 0;
| }
configure:9775: result: no
configure:9786: checking for _XRE_Main in -lxul
configure:9811: gcc -o conftest  -c -fPIC -fshort-wchar -fexceptions -fnon-call-exceptions -funwind-tables -fasynchronous-unwind-tables -fno-rtti -fno-strict-aliasing -Wall -Wno-conversion -Wno-attributes -Wpointer-arith -Wcast-align -Wno-long-long -pipe -pthread -gstabs+ -Os -include "mozilla-config.h"   -Wl,-z,defs -Wl,-rpath-link,$(topsrcdir)/compiled/dist/xulrunner conftest.c -lxul   >&5
cc1: warning: command line option '-fno-rtti' is valid for C++/ObjC++ but not for C [enabled by default]
cc1: fatal error: "mozilla-config.h": No such file or directory
compilation terminated.
configure:9811: $? = 1
configure: failed program was:
| /* confdefs.h */
| #define PACKAGE_NAME ""
| #define PACKAGE_TARNAME ""
| #define PACKAGE_VERSION ""
| #define PACKAGE_STRING ""
| #define PACKAGE_BUGREPORT ""
| #define PACKAGE_URL ""
| #define NDEBUG 1
| #define XP_UNIX 1
| #define _REENTRANT 1
| /* end confdefs.h.  */
| 
| /* Override any GCC internal prototype to avoid an error.
|    Use char because int might match the return type of a GCC
|    builtin and then its argument prototype would still apply.  */
| #ifdef __cplusplus
| extern "C"
| #endif
| char _XRE_Main ();
| int
| main ()
| {
| return _XRE_Main ();
|   ;
|   return 0;
| }
configure:9820: result: no
configure:9999: creating ./config.status

## ---------------------- ##
## Running config.status. ##
## ---------------------- ##

This file was extended by config.status, which was
generated by GNU Autoconf 2.68.  Invocation command line was

  CONFIG_FILES    = 
  CONFIG_HEADERS  = 
  CONFIG_LINKS    = 
  CONFIG_COMMANDS = 
  $ ./config.status 

on mattop

config.status:884: creating app/Makefile
config.status:884: creating app/content/Makefile
config.status:884: creating app/content/test/Makefile
config.status:884: creating app/content/scripts/Makefile
config.status:884: creating app/content/xul/Makefile
config.status:884: creating app/content/mediapages/Makefile
config.status:884: creating app/content/html/Makefile
config.status:884: creating app/content/bindings/Makefile
config.status:884: creating app/preferences/Makefile
config.status:884: creating app/skin/Makefile
config.status:884: creating app/skin/mozapps/Makefile
config.status:884: creating app/skin/branding/Makefile
config.status:884: creating app/skin/global/Makefile
config.status:884: creating app/skin/bindings/Makefile
config.status:884: creating app/skin/dialogs/Makefile
config.status:884: creating app/branding/Makefile
config.status:884: creating app/profile/Makefile
config.status:884: creating branding/Makefile
config.status:884: creating bindings/Makefile
config.status:884: creating bindings/public/Makefile
config.status:884: creating components/dbengine/Makefile
config.status:884: creating components/dbengine/test/Makefile
config.status:884: creating components/dbengine/public/Makefile
config.status:884: creating components/dbengine/src/Makefile
config.status:884: creating components/contenthandling/Makefile
config.status:884: creating components/contenthandling/media/Makefile
config.status:884: creating components/library/Makefile
config.status:884: creating components/library/download/Makefile
config.status:884: creating components/library/download/test/Makefile
config.status:884: creating components/library/download/public/Makefile
config.status:884: creating components/library/download/src/Makefile
config.status:884: creating components/library/base/Makefile
config.status:884: creating components/library/base/test/Makefile
config.status:884: creating components/library/base/public/Makefile
config.status:884: creating components/library/base/src/Makefile
config.status:884: creating components/library/base/src/static/Makefile
config.status:884: creating components/library/identity/Makefile
config.status:884: creating components/library/identity/test/Makefile
config.status:884: creating components/library/identity/public/Makefile
config.status:884: creating components/library/identity/src/Makefile
config.status:884: creating components/library/localdatabase/Makefile
config.status:884: creating components/library/localdatabase/test/Makefile
config.status:884: creating components/library/localdatabase/public/Makefile
config.status:884: creating components/library/localdatabase/content/Makefile
config.status:884: creating components/library/localdatabase/perf/Makefile
config.status:884: creating components/library/localdatabase/src/Makefile
config.status:884: creating components/library/localdatabase/src/migrationhandlers/Makefile
config.status:884: creating components/faceplate/Makefile
config.status:884: creating components/faceplate/test/Makefile
config.status:884: creating components/faceplate/public/Makefile
config.status:884: creating components/faceplate/src/Makefile
config.status:884: creating components/networkproxy/Makefile
config.status:884: creating components/networkproxy/public/Makefile
config.status:884: creating components/networkproxy/src/Makefile
config.status:884: creating components/remoteapi/Makefile
config.status:884: creating components/remoteapi/test/Makefile
config.status:884: creating components/remoteapi/public/Makefile
config.status:884: creating components/remoteapi/src/Makefile
config.status:884: creating components/playqueue/Makefile
config.status:884: creating components/playqueue/test/Makefile
config.status:884: creating components/playqueue/public/Makefile
config.status:884: creating components/playqueue/src/Makefile
config.status:884: creating components/mediamanager/Makefile
config.status:884: creating components/mediamanager/test/Makefile
config.status:884: creating components/mediamanager/public/Makefile
config.status:884: creating components/mediamanager/src/Makefile
config.status:884: creating components/feathers/Makefile
config.status:884: creating components/feathers/test/Makefile
config.status:884: creating components/feathers/public/Makefile
config.status:884: creating components/feathers/src/Makefile
config.status:884: creating components/controller/Makefile
config.status:884: creating components/controller/public/Makefile
config.status:884: creating components/controller/src/Makefile
config.status:884: creating components/appstartup/Makefile
config.status:884: creating components/appstartup/src/Makefile
config.status:884: creating components/servicepane/Makefile
config.status:884: creating components/servicepane/test/Makefile
config.status:884: creating components/servicepane/public/Makefile
config.status:884: creating components/servicepane/src/Makefile
config.status:884: creating components/job/Makefile
config.status:884: creating components/job/public/Makefile
config.status:884: creating components/job/src/Makefile
config.status:884: creating components/devices/Makefile
config.status:884: creating components/devices/controller/Makefile
config.status:884: creating components/devices/controller/public/Makefile
config.status:884: creating components/devices/controller/src/Makefile
config.status:884: creating components/devices/base/Makefile
config.status:884: creating components/devices/base/test/Makefile
config.status:884: creating components/devices/base/public/Makefile
config.status:884: creating components/devices/base/src/Makefile
config.status:884: creating components/devices/content/Makefile
config.status:884: creating components/devices/firmware/Makefile
config.status:884: creating components/devices/firmware/test/Makefile
config.status:884: creating components/devices/firmware/test/testfiles/Makefile
config.status:884: creating components/devices/firmware/src/Makefile
config.status:884: creating components/devices/firmware/mock/Makefile
config.status:884: creating components/devices/firmware/mock/public/Makefile
config.status:884: creating components/devices/firmware/mock/src/Makefile
config.status:884: creating components/devices/manager/Makefile
config.status:884: creating components/devices/manager/test/Makefile
config.status:884: creating components/devices/manager/public/Makefile
config.status:884: creating components/devices/manager/src/Makefile
config.status:884: creating components/devices/cd/Makefile
config.status:884: creating components/devices/cd/test/Makefile
config.status:884: creating components/devices/cd/public/Makefile
config.status:884: creating components/devices/cd/src/Makefile
config.status:884: creating components/devices/cd/mock/Makefile
config.status:884: creating components/devices/cd/mock/public/Makefile
config.status:884: creating components/devices/cd/mock/src/Makefile
config.status:884: creating components/devices/marshall/Makefile
config.status:884: creating components/devices/marshall/public/Makefile
config.status:884: creating components/devices/marshall/src/Makefile
config.status:884: creating components/devices/device/Makefile
config.status:884: creating components/devices/device/test/Makefile
config.status:884: creating components/devices/device/public/Makefile
config.status:884: creating components/devices/device/src/Makefile
config.status:884: creating components/devices/device/mock/Makefile
config.status:884: creating components/devices/device/mock/public/Makefile
config.status:884: creating components/devices/device/mock/src/Makefile
config.status:884: creating components/protocol/Makefile
config.status:884: creating components/mediacore/Makefile
config.status:884: creating components/mediacore/metadata/Makefile
config.status:884: creating components/mediacore/metadata/handler/Makefile
config.status:884: creating components/mediacore/metadata/handler/taglib/Makefile
config.status:884: creating components/mediacore/metadata/handler/taglib/public/Makefile
config.status:884: creating components/mediacore/metadata/handler/taglib/src/Makefile
config.status:884: creating components/mediacore/metadata/handler/wma/Makefile
config.status:884: creating components/mediacore/metadata/handler/wma/public/Makefile
config.status:884: creating components/mediacore/metadata/handler/wma/src/Makefile
config.status:884: creating components/mediacore/metadata/manager/Makefile
config.status:884: creating components/mediacore/metadata/manager/test/Makefile
config.status:884: creating components/mediacore/metadata/manager/test/errorcases/Makefile
config.status:884: creating components/mediacore/metadata/manager/test/files/Makefile
config.status:884: creating components/mediacore/metadata/manager/public/Makefile
config.status:884: creating components/mediacore/metadata/manager/src/Makefile
config.status:884: creating components/mediacore/metadata/lookup/Makefile
config.status:884: creating components/mediacore/metadata/lookup/testprovider/Makefile
config.status:884: creating components/mediacore/metadata/lookup/testprovider/src/Makefile
config.status:884: creating components/mediacore/metadata/lookup/manager/Makefile
config.status:884: creating components/mediacore/metadata/lookup/manager/test/Makefile
config.status:884: creating components/mediacore/metadata/lookup/manager/public/Makefile
config.status:884: creating components/mediacore/metadata/lookup/manager/src/Makefile
config.status:884: creating components/mediacore/base/Makefile
config.status:884: creating components/mediacore/base/test/Makefile
config.status:884: creating components/mediacore/base/public/Makefile
config.status:884: creating components/mediacore/base/src/Makefile
config.status:884: creating components/mediacore/playback/Makefile
config.status:884: creating components/mediacore/playback/history/Makefile
config.status:884: creating components/mediacore/playback/history/test/Makefile
config.status:884: creating components/mediacore/playback/history/public/Makefile
config.status:884: creating components/mediacore/playback/history/content/Makefile
config.status:884: creating components/mediacore/playback/history/src/Makefile
config.status:884: creating components/mediacore/transcode/Makefile
config.status:884: creating components/mediacore/transcode/test/Makefile
config.status:884: creating components/mediacore/transcode/test/files/Makefile
config.status:884: creating components/mediacore/transcode/public/Makefile
config.status:884: creating components/mediacore/transcode/src/Makefile
config.status:884: creating components/mediacore/gstreamer/Makefile
config.status:884: creating components/mediacore/gstreamer/test/Makefile
config.status:884: creating components/mediacore/gstreamer/public/Makefile
config.status:884: creating components/mediacore/gstreamer/content/Makefile
config.status:884: creating components/mediacore/gstreamer/stub/Makefile
config.status:884: creating components/mediacore/gstreamer/encode-profiles/Makefile
config.status:884: creating components/mediacore/gstreamer/src/Makefile
config.status:884: creating components/mediacore/gstreamer/src/metadata/Makefile
config.status:884: creating components/mediacore/manager/Makefile
config.status:884: creating components/mediacore/manager/test/Makefile
config.status:884: creating components/mediacore/manager/public/Makefile
config.status:884: creating components/mediacore/manager/src/Makefile
config.status:884: creating components/playlistcommands/Makefile
config.status:884: creating components/playlistcommands/test/Makefile
config.status:884: creating components/playlistcommands/public/Makefile
config.status:884: creating components/playlistcommands/src/Makefile
config.status:884: creating components/sqlbuilder/Makefile
config.status:884: creating components/sqlbuilder/test/Makefile
config.status:884: creating components/sqlbuilder/public/Makefile
config.status:884: creating components/sqlbuilder/src/Makefile
config.status:884: creating components/intl/Makefile
config.status:884: creating components/intl/test/Makefile
config.status:884: creating components/intl/public/Makefile
config.status:884: creating components/intl/src/Makefile
config.status:884: creating components/intl/src/content/Makefile
config.status:884: creating components/addonmetadata/Makefile
config.status:884: creating components/addonmetadata/test/Makefile
config.status:884: creating components/addonmetadata/src/Makefile
config.status:884: creating components/jscodelib/Makefile
config.status:884: creating components/jscodelib/test/Makefile
config.status:884: creating components/metrics/Makefile
config.status:884: creating components/metrics/public/Makefile
config.status:884: creating components/metrics/src/Makefile
config.status:884: creating components/search/Makefile
config.status:884: creating components/search/public/Makefile
config.status:884: creating components/search/src/Makefile
config.status:884: creating components/filesystemevents/Makefile
config.status:884: creating components/filesystemevents/test/Makefile
config.status:884: creating components/filesystemevents/win32/Makefile
config.status:884: creating components/filesystemevents/base/Makefile
config.status:884: creating components/filesystemevents/base/public/Makefile
config.status:884: creating components/filesystemevents/base/src/Makefile
config.status:884: creating components/filesystemevents/linux/Makefile
config.status:884: creating components/filesystemevents/macosx/Makefile
config.status:884: creating components/mediaexport/Makefile
config.status:884: creating components/mediaexport/test/Makefile
config.status:884: creating components/mediaexport/playlist/Makefile
config.status:884: creating components/mediaexport/playlist/test/Makefile
config.status:884: creating components/mediaexport/playlist/public/Makefile
config.status:884: creating components/mediaexport/playlist/src/Makefile
config.status:884: creating components/mediaexport/playlist/src/handler/Makefile
config.status:884: creating components/mediaexport/playlist/src/manager/Makefile
config.status:884: creating components/mediaexport/public/Makefile
config.status:884: creating components/mediaexport/agent/Makefile
config.status:884: creating components/mediaexport/agent/src/Makefile
config.status:884: creating components/mediaexport/src/Makefile
config.status:884: creating components/mediaimport/Makefile
config.status:884: creating components/mediaimport/library/Makefile
config.status:884: creating components/mediaimport/library/itunes/Makefile
config.status:884: creating components/mediaimport/library/itunes/test/Makefile
config.status:884: creating components/mediaimport/library/itunes/public/Makefile
config.status:884: creating components/mediaimport/library/itunes/src/Makefile
config.status:884: creating components/mediaimport/library/base/Makefile
config.status:884: creating components/mediaimport/library/base/public/Makefile
config.status:884: creating components/mediaimport/library/base/src/Makefile
config.status:884: creating components/mediaimport/playlist/Makefile
config.status:884: creating components/mediaimport/playlist/test/Makefile
config.status:884: creating components/mediaimport/playlist/public/Makefile
config.status:884: creating components/mediaimport/playlist/src/Makefile
config.status:884: creating components/mediaimport/playlist/src/handler/Makefile
config.status:884: creating components/mediaimport/playlist/src/manager/Makefile
config.status:884: creating components/mediaimport/uri/Makefile
config.status:884: creating components/mediaimport/uri/public/Makefile
config.status:884: creating components/mediaimport/uri/src/Makefile
config.status:884: creating components/mediaimport/directory/Makefile
config.status:884: creating components/mediaimport/directory/test/Makefile
config.status:884: creating components/mediaimport/directory/public/Makefile
config.status:884: creating components/mediaimport/directory/src/Makefile
config.status:884: creating components/mediaimport/filescan/Makefile
config.status:884: creating components/mediaimport/filescan/public/Makefile
config.status:884: creating components/mediaimport/filescan/src/Makefile
config.status:884: creating components/mediapages/Makefile
config.status:884: creating components/mediapages/test/Makefile
config.status:884: creating components/mediapages/test/test-extension/Makefile
config.status:884: creating components/mediapages/test/test-extension/chrome/Makefile
config.status:884: creating components/mediapages/public/Makefile
config.status:884: creating components/mediapages/src/Makefile
config.status:884: creating components/integration/Makefile
config.status:884: creating components/integration/public/Makefile
config.status:884: creating components/integration/src/Makefile
config.status:884: creating components/integration/src/win32/Makefile
config.status:884: creating components/integration/src/linux/Makefile
config.status:884: creating components/integration/src/macosx/Makefile
config.status:884: creating components/update/Makefile
config.status:884: creating components/update/public/Makefile
config.status:884: creating components/update/src/Makefile
config.status:884: creating components/devicesobsolete/Makefile
config.status:884: creating components/devicesobsolete/download/Makefile
config.status:884: creating components/devicesobsolete/download/public/Makefile
config.status:884: creating components/devicesobsolete/download/src/Makefile
config.status:884: creating components/devicesobsolete/base/Makefile
config.status:884: creating components/devicesobsolete/base/public/Makefile
config.status:884: creating components/devicesobsolete/base/src/Makefile
config.status:884: creating components/devicesobsolete/manager/Makefile
config.status:884: creating components/devicesobsolete/manager/public/Makefile
config.status:884: creating components/devicesobsolete/manager/src/Makefile
config.status:884: creating components/albumart/Makefile
config.status:884: creating components/albumart/public/Makefile
config.status:884: creating components/albumart/src/Makefile
config.status:884: creating components/dataremote/Makefile
config.status:884: creating components/dataremote/test/Makefile
config.status:884: creating components/dataremote/public/Makefile
config.status:884: creating components/dataremote/src/Makefile
config.status:884: creating components/displaypanes/Makefile
config.status:884: creating components/displaypanes/test/Makefile
config.status:884: creating components/displaypanes/test/test-extension/Makefile
config.status:884: creating components/displaypanes/test/test-extension/chrome/Makefile
config.status:884: creating components/displaypanes/public/Makefile
config.status:884: creating components/displaypanes/src/Makefile
config.status:884: creating components/testharness/Makefile
config.status:884: creating components/testharness/public/Makefile
config.status:884: creating components/testharness/basetests/Makefile
config.status:884: creating components/testharness/src/Makefile
config.status:884: creating components/moz/Makefile
config.status:884: creating components/moz/xpcom/Makefile
config.status:884: creating components/moz/xpcom/public/Makefile
config.status:884: creating components/moz/xpcom/src/Makefile
config.status:884: creating components/moz/image/Makefile
config.status:884: creating components/moz/image/public/Makefile
config.status:884: creating components/moz/image/src/Makefile
config.status:884: creating components/moz/temporaryfileservice/Makefile
config.status:884: creating components/moz/temporaryfileservice/test/Makefile
config.status:884: creating components/moz/temporaryfileservice/public/Makefile
config.status:884: creating components/moz/temporaryfileservice/src/Makefile
config.status:884: creating components/moz/fileutils/Makefile
config.status:884: creating components/moz/fileutils/test/Makefile
config.status:884: creating components/moz/fileutils/public/Makefile
config.status:884: creating components/moz/fileutils/src/Makefile
config.status:884: creating components/moz/variant/Makefile
config.status:884: creating components/moz/variant/src/Makefile
config.status:884: creating components/moz/variant/src/static/Makefile
config.status:884: creating components/moz/process/Makefile
config.status:884: creating components/moz/process/src/Makefile
config.status:884: creating components/moz/process/src/windows/Makefile
config.status:884: creating components/moz/windowwatcher/Makefile
config.status:884: creating components/moz/windowwatcher/public/Makefile
config.status:884: creating components/moz/windowwatcher/src/Makefile
config.status:884: creating components/moz/prompter/Makefile
config.status:884: creating components/moz/prompter/public/Makefile
config.status:884: creating components/moz/prompter/src/Makefile
config.status:884: creating components/moz/threadpoolservice/Makefile
config.status:884: creating components/moz/threadpoolservice/src/Makefile
config.status:884: creating components/moz/clipboard/Makefile
config.status:884: creating components/moz/clipboard/test/Makefile
config.status:884: creating components/moz/clipboard/test/files/Makefile
config.status:884: creating components/moz/clipboard/public/Makefile
config.status:884: creating components/moz/clipboard/src/Makefile
config.status:884: creating components/moz/threads/Makefile
config.status:884: creating components/moz/threads/src/Makefile
config.status:884: creating components/moz/urlformatter/Makefile
config.status:884: creating components/moz/urlformatter/test/Makefile
config.status:884: creating components/moz/urlformatter/public/Makefile
config.status:884: creating components/moz/urlformatter/src/Makefile
config.status:884: creating components/moz/errorconsole/Makefile
config.status:884: creating components/moz/errorconsole/src/Makefile
config.status:884: creating components/moz/system/Makefile
config.status:884: creating components/moz/system/windows/Makefile
config.status:884: creating components/moz/system/windows/formatter/Makefile
config.status:884: creating components/moz/system/windows/formatter/public/Makefile
config.status:884: creating components/moz/system/windows/formatter/src/Makefile
config.status:884: creating components/moz/system/windows/public/Makefile
config.status:884: creating components/moz/system/windows/src/Makefile
config.status:884: creating components/moz/dirprovider/Makefile
config.status:884: creating components/moz/dirprovider/test/Makefile
config.status:884: creating components/moz/dirprovider/src/Makefile
config.status:884: creating components/moz/shutdownservice/Makefile
config.status:884: creating components/moz/shutdownservice/test/Makefile
config.status:884: creating components/moz/shutdownservice/src/Makefile
config.status:884: creating components/moz/streams/Makefile
config.status:884: creating components/moz/streams/src/Makefile
config.status:884: creating components/moz/strings/Makefile
config.status:884: creating components/moz/strings/components/Makefile
config.status:884: creating components/moz/strings/components/public/Makefile
config.status:884: creating components/moz/strings/components/src/Makefile
config.status:884: creating components/moz/strings/src/Makefile
config.status:884: creating components/moz/distribution/Makefile
config.status:884: creating components/moz/filedownloader/Makefile
config.status:884: creating components/moz/filedownloader/test/Makefile
config.status:884: creating components/moz/filedownloader/public/Makefile
config.status:884: creating components/moz/filedownloader/src/Makefile
config.status:884: creating components/parsererror/Makefile
config.status:884: creating components/parsererror/src/Makefile
config.status:884: creating components/bundle/Makefile
config.status:884: creating components/bundle/public/Makefile
config.status:884: creating components/bundle/src/Makefile
config.status:884: creating components/draganddrop/Makefile
config.status:884: creating components/draganddrop/public/Makefile
config.status:884: creating components/draganddrop/src/Makefile
config.status:884: creating components/commandline/Makefile
config.status:884: creating components/commandline/public/Makefile
config.status:884: creating components/commandline/src/Makefile
config.status:884: creating components/property/Makefile
config.status:884: creating components/property/test/Makefile
config.status:884: creating components/property/public/Makefile
config.status:884: creating components/property/src/Makefile
config.status:884: creating components/watchfolder/Makefile
config.status:884: creating components/watchfolder/test/Makefile
config.status:884: creating components/watchfolder/public/Makefile
config.status:884: creating components/watchfolder/utils/Makefile
config.status:884: creating components/watchfolder/src/Makefile
config.status:884: creating components/webservices/Makefile
config.status:884: creating components/webservices/lastfm/Makefile
config.status:884: creating components/webservices/lastfm/public/Makefile
config.status:884: creating components/webservices/lastfm/src/Makefile
config.status:884: creating documentation/Makefile
config.status:884: creating extensions/Makefile
config.status:884: creating extensions/AlbumArt/Makefile
config.status:884: creating extensions/extensionschecker/Makefile
config.status:884: creating extensions/extensionschecker/chrome/Makefile
config.status:884: creating extensions/albumartlastfm/Makefile
config.status:884: creating extensions/albumartlastfm/chrome/Makefile
config.status:884: creating extensions/albumartlastfm/defaults/Makefile
config.status:884: creating extensions/albumartlastfm/defaults/preferences/Makefile
config.status:884: creating extensions/albumartlastfm/components/Makefile
config.status:884: creating extensions/albumartlastfm/components/src/Makefile
config.status:884: creating extensions/xpcom_helloworld/Makefile
config.status:884: creating extensions/xpcom_helloworld/chrome/Makefile
config.status:884: creating extensions/xpcom_helloworld/components/Makefile
config.status:884: creating extensions/xpcom_helloworld/components/helloworld/Makefile
config.status:884: creating extensions/xpcom_helloworld/components/helloworld/test/Makefile
config.status:884: creating extensions/xpcom_helloworld/components/helloworld/public/Makefile
config.status:884: creating extensions/xpcom_helloworld/components/helloworld/src/Makefile
config.status:884: creating extensions/7digital/Makefile
config.status:884: creating extensions/7digital/chrome/Makefile
config.status:884: creating extensions/7digital/defaults/Makefile
config.status:884: creating extensions/7digital/defaults/preferences/Makefile
config.status:884: creating extensions/7digital/components/Makefile
config.status:884: creating extensions/qatesttools/Makefile
config.status:884: creating extensions/qatesttools/chrome/Makefile
config.status:884: creating extensions/qatesttools/public/Makefile
config.status:884: creating extensions/qatesttools/components/Makefile
config.status:884: creating extensions/lastfm/Makefile
config.status:884: creating extensions/lastfm/chrome/Makefile
config.status:884: creating extensions/lastfm/public/Makefile
config.status:884: creating extensions/lastfm/defaults/Makefile
config.status:884: creating extensions/lastfm/defaults/preferences/Makefile
config.status:884: creating extensions/lastfm/components/Makefile
config.status:884: creating extensions/mashTape/Makefile
config.status:884: creating extensions/mashTape/chrome/Makefile
config.status:884: creating extensions/mashTape/defaults/Makefile
config.status:884: creating extensions/mashTape/defaults/preferences/Makefile
config.status:884: creating extensions/mashTape/components/Makefile
config.status:884: creating extensions/mashTape/components/public/Makefile
config.status:884: creating extensions/mashTape/components/src/Makefile
config.status:884: creating extensions/mashTape/modules/Makefile
config.status:884: creating extensions/systray/Makefile
config.status:884: creating extensions/systray/chrome/Makefile
config.status:884: creating extensions/systray/components/Makefile
config.status:884: creating extensions/systray/components/public/Makefile
config.status:884: creating extensions/systray/components/src/Makefile
config.status:884: creating extensions/concerts/Makefile
config.status:884: creating extensions/concerts/chrome/Makefile
config.status:884: creating extensions/concerts/defaults/Makefile
config.status:884: creating extensions/concerts/defaults/preferences/Makefile
config.status:884: creating extensions/concerts/components/Makefile
config.status:884: creating extensions/concerts/components/public/Makefile
config.status:884: creating extensions/concerts/components/src/Makefile
config.status:884: creating extensions/ipod/Makefile
config.status:884: creating extensions/ipod/components/public/Makefile
config.status:884: creating extensions/ipod/components/src/Makefile
config.status:884: creating extensions/ipod/components/ComponentLoader/Makefile
config.status:884: creating extensions/partner-branding-sample/Makefile
config.status:884: creating extensions/partner-branding-sample/chrome/Makefile
config.status:884: creating extensions/partner-branding-sample/components/Makefile
config.status:884: creating extensions/partner-branding-sample/distribution/Makefile
config.status:884: creating extensions/newreleases/Makefile
config.status:884: creating extensions/newreleases/chrome/Makefile
config.status:884: creating extensions/newreleases/defaults/Makefile
config.status:884: creating extensions/newreleases/defaults/preferences/Makefile
config.status:884: creating extensions/newreleases/components/Makefile
config.status:884: creating extensions/shoutcast/Makefile
config.status:884: creating extensions/shoutcast/chrome/Makefile
config.status:884: creating extensions/shoutcast/defaults/Makefile
config.status:884: creating extensions/shoutcast/defaults/preferences/Makefile
config.status:884: creating extensions/shoutcast/modules/Makefile
config.status:884: creating feathers/Makefile
config.status:884: creating feathers/gonzo/Makefile
config.status:884: creating feathers/gonzo/chrome/content/bindings/Makefile
config.status:884: creating feathers/purplerain/Makefile
config.status:884: creating feathers/purplerain/chrome/Makefile
config.status:884: creating feathers/purplerain/chrome/content/bindings/Makefile
config.status:884: creating installer/Makefile
config.status:884: creating installer/linux/Makefile
config.status:884: creating installer/windows/Makefile
config.status:884: creating installer/windows/partner/Makefile
config.status:884: creating installer/macosx/Makefile
config.status:884: creating installer/solaris/Makefile
config.status:884: creating locales/Makefile
config.status:884: creating locales/en-US/Makefile
config.status:884: creating locales/branding/Makefile
config.status:884: creating tools/Makefile
config.status:884: creating tools/win32/Makefile
config.status:884: creating tools/win32/autoplay/Makefile
config.status:884: creating tools/lib/Makefile
config.status:884: creating tools/lib/windows/Makefile
config.status:884: creating tools/lib/windows/static/Makefile
config.status:884: creating tools/disthelper/Makefile
config.status:884: creating tools/disthelper/tests/Makefile
config.status:884: creating tools/cdriphelper/Makefile
config.status:884: creating tools/itunesagent/Makefile
config.status:884: creating update/Makefile
config.status:884: creating update/test/Makefile
config.status:884: creating Makefile
config.status:884: creating build/autodefs.mk
config.status:884: creating build/Makefile
config.status:884: creating dependencies/Makefile
config.status:884: creating dependencies/vendor/mozbrowser/Makefile
config.status:884: creating dependencies/vendor/mozbrowser/components/preferences/Makefile
config.status:884: creating dependencies/vendor/mozbrowser/fuel/Makefile
config.status:884: creating dependencies/vendor/mozbrowser/fuel/public/Makefile
config.status:884: creating dependencies/vendor/mozbrowser/fuel/src/Makefile
config.status:884: creating dependencies/vendor/mozbrowser/locales/Makefile
config.status:884: creating dependencies/vendor/mozbrowser/themes/Makefile
config.status:884: creating dependencies/vendor/mozbrowser/themes/pinstripe/browser/Makefile
config.status:884: creating dependencies/vendor/mozbrowser/themes/winstripe/browser/Makefile
config.status:884: creating dependencies/vendor/mozbrowser/components/search/Makefile
config.status:884: creating dependencies/vendor/mozbrowser/components/sidebar/src/Makefile
config.status:884: creating dependencies/vendor/mozbrowser/components/Makefile
config.status:884: creating dependencies/vendor/mozbrowser/base/Makefile

## ---------------- ##
## Cache variables. ##
## ---------------- ##

ac_cv_build=x86_64-unknown-linux-gnu
ac_cv_c_compiler_gnu=no
ac_cv_cxx_compiler_gnu=no
ac_cv_env_CCC_set=
ac_cv_env_CCC_value=
ac_cv_env_CC_set=set
ac_cv_env_CC_value=gcc
ac_cv_env_CFLAGS_set=
ac_cv_env_CFLAGS_value=
ac_cv_env_CPPFLAGS_set=
ac_cv_env_CPPFLAGS_value=
ac_cv_env_CPP_set=
ac_cv_env_CPP_value=
ac_cv_env_CXXCPP_set=
ac_cv_env_CXXCPP_value=
ac_cv_env_CXXFLAGS_set=
ac_cv_env_CXXFLAGS_value=
ac_cv_env_CXX_set=
ac_cv_env_CXX_value=
ac_cv_env_LDFLAGS_set=
ac_cv_env_LDFLAGS_value=
ac_cv_env_LIBS_set=
ac_cv_env_LIBS_value=
ac_cv_env_build_alias_set=
ac_cv_env_build_alias_value=
ac_cv_env_host_alias_set=
ac_cv_env_host_alias_value=
ac_cv_env_target_alias_set=
ac_cv_env_target_alias_value=
ac_cv_file__media_disk_Linux_makepkg_songbird_dependencies_linux_x86_64_private_fluendo_mp3_libgstflump3dec_so=no
ac_cv_host=x86_64-unknown-linux-gnu
ac_cv_lib_nspr4_PR_Cleanup=no
ac_cv_lib_xul__XRE_Main=no
ac_cv_path_PKG_CONFIG=/usr/bin/pkg-config
ac_cv_prog_AR=ar
ac_cv_prog_AWK=gawk
ac_cv_prog_CHMOD=chmod
ac_cv_prog_CP=cp
ac_cv_prog_DIFF=diff
ac_cv_prog_FIND=find
ac_cv_prog_GREP=grep
ac_cv_prog_GUNZIP=gunzip
ac_cv_prog_GZIP=gzip
ac_cv_prog_INSTALL=install
ac_cv_prog_LD=g++
ac_cv_prog_LN=ln
ac_cv_prog_MD5SUM=md5sum
ac_cv_prog_MKDIR=mkdir
ac_cv_prog_MV=mv
ac_cv_prog_PERL=perl
ac_cv_prog_PYTHON=python2
ac_cv_prog_RANLIB=ranlib
ac_cv_prog_RM=rm
ac_cv_prog_SED=sed
ac_cv_prog_SHA1SUM=sha1sum
ac_cv_prog_SORT=sort
ac_cv_prog_STRIP=strip
ac_cv_prog_TAR=tar
ac_cv_prog_TOUCH=touch
ac_cv_prog_UNZIP=unzip
ac_cv_prog_ZIP=zip
ac_cv_prog_ac_ct_CC=gcc
ac_cv_prog_ac_ct_CXX=g++
ac_cv_prog_cc_c89=no
ac_cv_prog_cc_g=no
ac_cv_prog_cxx_g=no
ac_cv_search_pthread_create=-lpthread
ac_cv_target=x86_64-unknown-linux-gnu

## ----------------- ##
## Output variables. ##
## ----------------- ##

AR='ar'
ARFLAGS='cr'
ARFLAGS_LIB=''
ARFLAGS_OUT_PREFIX=''
ARFLAGS_OUT_SUFFIX=''
ARFLAGS_PATH_PREFIX=''
ARFLAGS_PATH_SUFFIX=''
AWK='gawk'
BIN_SUFFIX=''
CC='gcc'
CFLAGS=' -c -fPIC -fshort-wchar -fexceptions -fnon-call-exceptions -funwind-tables -fasynchronous-unwind-tables -fno-rtti -fno-strict-aliasing -Wall -Wno-conversion -Wno-attributes -Wpointer-arith -Wcast-align -Wno-long-long -pipe -pthread -gstabs+ -Os -include "mozilla-config.h"'
CFLAGS_ASSEMBLER='-S'
CFLAGS_INCLUDE_PREFIX='-I'
CFLAGS_INCLUDE_SUFFIX=''
CFLAGS_PREPROCESS='-E'
CFLAGS_STATIC_LIBC=''
CFLAGS_WARNING_IS_ERROR='-Werror'
CHMOD='chmod'
CMMFLAGS=''
COMPILER_GARBAGE=''
CP='cp'
CPP=''
CPPFLAGS=''
CXX='g++'
CXXCPP=''
CXXFLAGS=' -c -fPIC -fshort-wchar -fexceptions -fnon-call-exceptions -funwind-tables -fasynchronous-unwind-tables -fno-rtti -fno-strict-aliasing -Wall -Wno-conversion -Wno-attributes -Wpointer-arith -Wcast-align -Wno-long-long -pipe -pthread -gstabs+ -Os -include "mozilla-config.h" -Woverloaded-virtual -Wsynth -Wno-ctor-dtor-privacy -Wno-non-virtual-dtor'
DBUS_CFLAGS='-pthread -I/usr/include/dbus-1.0 -I/usr/lib/dbus-1.0/include -I/usr/include/glib-2.0 -I/usr/lib/glib-2.0/include  '
DBUS_LIBS='  -ldbus-glib-1 -ldbus-1 -lpthread -lgobject-2.0 -lgthread-2.0 -lrt -lglib-2.0  '
DEBUG=''
DEFAULT_LIBS=''
DEFAULT_MIDL_FLAGS=''
DEFS='-DPACKAGE_NAME=\"\" -DPACKAGE_TARNAME=\"\" -DPACKAGE_VERSION=\"\" -DPACKAGE_STRING=\"\" -DPACKAGE_BUGREPORT=\"\" -DPACKAGE_URL=\"\" -DNDEBUG=1 -DXP_UNIX=1 -D_REENTRANT=1'
DIFF='diff'
DISTDIRNAME='dist'
DLL_SUFFIX='.so'
DOXYGEN=''
ECHO_C=''
ECHO_N='-n'
ECHO_T=''
EGREP=''
EXEEXT=''
FIND='find'
FORCE_JARS=''
FORCE_MEDIA_CORE_QT=''
FORCE_MEDIA_CORE_WMP=''
GLIB_CFLAGS='-I/usr/include/glib-2.0 -I/usr/lib/glib-2.0/include  '
GLIB_LIBS='  -lglib-2.0  '
GNU_CC=''
GREP='grep'
GSTREAMER_CFLAGS=''
GSTREAMER_LIBS=''
GTK_CFLAGS='-pthread -I/usr/include/gtk-2.0 -I/usr/lib/gtk-2.0/include -I/usr/include/atk-1.0 -I/usr/include/cairo -I/usr/include/gdk-pixbuf-2.0 -I/usr/include/pango-1.0 -I/usr/include/glib-2.0 -I/usr/lib/glib-2.0/include -I/usr/include/pixman-1 -I/usr/include/freetype2 -I/usr/include/libpng14  '
GTK_LIBS='  -lgtk-x11-2.0 -lgdk-x11-2.0 -latk-1.0 -lgio-2.0 -lpangoft2-1.0 -lpangocairo-1.0 -lgdk_pixbuf-2.0 -lcairo -lpango-1.0 -lfreetype -lfontconfig -lgobject-2.0 -lgmodule-2.0 -lgthread-2.0 -lrt -lglib-2.0  '
GUNZIP='gunzip'
GZIP='gzip'
HAS_EXTRAS=''
HAVE_FLUENDO_MP3=''
INSTALL='install'
INSTALLER_SUFFIX='.tar.gz'
LD='g++'
LDFLAGS=' -Wl,-z,defs -Wl,-rpath-link,$(topsrcdir)/compiled/dist/xulrunner'
LDFLAGS_BIN=''
LDFLAGS_DLL='-shared'
LDFLAGS_IMPORT_PREFIX='-l'
LDFLAGS_IMPORT_SUFFIX=''
LDFLAGS_LIB='-static'
LDFLAGS_OUT_PREFIX='-o '
LDFLAGS_OUT_SUFFIX=''
LDFLAGS_PATH_PREFIX='-L'
LDFLAGS_PATH_SUFFIX=''
LIBOBJS=''
LIBS=''
LIB_PREFIX='lib'
LIB_SUFFIX='.a'
LN='ln'
LNFLAGS='-f --symbolic'
LTLIBOBJS=''
MACOSX_APPBUNDLE=''
MACOSX_CONTENTS=''
MACOSX_FRAMEWORKS=''
MACOSX_RESOURCES=''
MACPKGMAKER='false'
MAKE_INSTALLER=''
MD5SUM='md5sum'
MEDIA_CORE_GST='1'
MEDIA_CORE_GST_SYSTEM=''
MEDIA_CORE_QT=''
MEDIA_CORE_WMP=''
MIDL=''
MKDIR='mkdir'
MSMANIFEST_TOOL=''
MV='mv'
NSPR_CFLAGS='-I/usr/include/nspr  '
NSPR_LIBS='  -lplds4 -lplc4 -lnspr4 -lpthread -ldl  '
OBJDIRNAME='compiled'
OBJEXT=''
OBJ_SUFFIX='.o'
PACKAGE_BUGREPORT=''
PACKAGE_NAME=''
PACKAGE_STRING=''
PACKAGE_TARNAME=''
PACKAGE_URL=''
PACKAGE_VERSION=''
PATH_SEPARATOR=':'
PERL='perl'
PKG_CONFIG='/usr/bin/pkg-config'
PREVENT_JARS=''
PTHREAD_LIBS='-lpthread '
PYTHON='python2'
RANLIB='ranlib'
RC=''
REBASE=''
RM='rm'
SB_ARCH='x86_64'
SB_BIRD_EXTENSIONS='default'
SB_CONFIGURATION='release'
SB_DEPENDENCIES_DIR='dependencies/linux-x86_64'
SB_ENABLE_BREAKPAD=''
SB_ENABLE_LIBRARY_PERF=''
SB_ENABLE_STATIC=''
SB_ENABLE_TESTS=''
SB_ENABLE_TEST_HARNESS=''
SB_EXTENSIONS='default'
SB_INSTALLER_SUFFIXES='tar.gz'
SB_LICENSE_FILE='$(topsrcdir)/compiled/installer/LICENSE.html'
SB_MACOSX_SDK_10_4=''
SB_MACOSX_SDK_10_5=''
SB_MACOSX_SDK_DEFAULT=''
SB_PLATFORM='linux'
SB_SEARCHPLUGINS='default'
SB_SQLITE_DEBUG=''
SB_UPDATE_CHANNEL='default'
SB_USER_EULA_FILE='eula.html'
SB_USE_JEMALLOC='1'
SB_WITH_DEADLY_WARNINGS='all'
SB_WITH_MSVC_EXPRESS=''
SED='sed'
SHA1SUM='sha1sum'
SHELL='/bin/sh'
SONGBIRD_BRANDING_DIR='branding'
SONGBIRD_NIGHTLY=''
SONGBIRD_OFFICIAL=''
SORT='sort'
STRIP='strip'
STRIP_FLAGS='-v'
TAGLIB_CFLAGS='-I/usr/include/taglib  '
TAGLIB_LIBS='  -ltag  '
TAR='tar'
TOUCH='touch'
UNZIP='unzip'
UNZIPFLAGS='-u -o -q -X'
UNZIPFLAGS_EXTRACT='-d'
USING_RANLIB='1'
XULRUNNERDIR='/xulrunner'
ZIP='zip'
_MSC_VER=''
ac_ct_CC='gcc'
ac_ct_CXX='g++'
bindir='${exec_prefix}/bin'
build='x86_64-unknown-linux-gnu'
build_alias=''
build_cpu='x86_64'
build_os='linux-gnu'
build_vendor='unknown'
datadir='${datarootdir}'
datarootdir='${prefix}/share'
docdir='${datarootdir}/doc/${PACKAGE}'
dvidir='${docdir}'
exec_prefix='${prefix}'
host='x86_64-unknown-linux-gnu'
host_alias=''
host_cpu='x86_64'
host_os='linux-gnu'
host_vendor='unknown'
htmldir='${docdir}'
includedir='${prefix}/include'
infodir='${datarootdir}/info'
libdir='${exec_prefix}/lib'
libexecdir='${exec_prefix}/libexec'
localedir='${datarootdir}/locale'
localstatedir='${prefix}/var'
mandir='${datarootdir}/man'
oldincludedir='/usr/include'
pdfdir='${docdir}'
prefix='/usr/local'
program_transform_name='s,x,x,'
psdir='${docdir}'
sbindir='${exec_prefix}/sbin'
sharedstatedir='${prefix}/com'
sysconfdir='${prefix}/etc'
target='x86_64-unknown-linux-gnu'
target_alias=''
target_cpu='x86_64'
target_os='linux-gnu'
target_vendor='unknown'

## ----------- ##
## confdefs.h. ##
## ----------- ##

/* confdefs.h */
#define PACKAGE_NAME ""
#define PACKAGE_TARNAME ""
#define PACKAGE_VERSION ""
#define PACKAGE_STRING ""
#define PACKAGE_BUGREPORT ""
#define PACKAGE_URL ""
#define NDEBUG 1
#define XP_UNIX 1
#define _REENTRANT 1

configure: exit 0
